<?xml version="1.0" encoding="UTF-8"?>
<!-- Generated by org.testng.reporters.JUnitReportReporter -->
<testsuite hostname="DESKTOP-CJFGN1F" failures="0" tests="1" name="com.cira.testcases.Login" time="11.901" errors="0" timestamp="2022-08-22T12:05:39 IST" skipped="0">
  <testcase classname="com.cira.testcases.Login" name="LoginTest" time="11.901"/>
  <system-out/>
</testsuite> <!-- com.cira.testcases.Login -->
