<?xml version="1.0" encoding="UTF-8"?>
<!-- Generated by org.testng.reporters.JUnitReportReporter -->
<testsuite hostname="DESKTOP-CJFGN1F" failures="0" tests="1" name="com.cira.login.Login" time="11.149" errors="0" timestamp="2022-08-22T11:38:27 IST" skipped="0">
  <testcase classname="com.cira.login.Login" name="LoginTest" time="11.149"/>
  <system-out/>
</testsuite> <!-- com.cira.login.Login -->
