<?xml version="1.0" encoding="UTF-8"?>
<!-- Generated by org.testng.reporters.JUnitReportReporter -->
<testsuite hostname="DESKTOP-CJFGN1F" failures="0" tests="1" name="com.cira.login.demo" time="0.025" errors="0" timestamp="2022-08-20T14:13:59 IST" skipped="0">
  <testcase classname="com.cira.login.demo" name="sum" time="0.025"/>
  <system-out/>
</testsuite> <!-- com.cira.login.demo -->
