<?xml version="1.0" encoding="UTF-8"?>
<!-- Generated by org.testng.reporters.JUnitReportReporter -->
<testsuite hostname="DESKTOP-CMS2696" failures="0" tests="4" name="com.cira.login.loginTestCases" time="23.191" errors="0" timestamp="2022-08-23T16:11:09 IST" skipped="0">
  <testcase classname="com.cira.login.loginTestCases" name="LoginWithEmptyField" time="5.340"/>
  <system-out/>
  <testcase classname="com.cira.login.loginTestCases" name="InValidInputLoginTest" time="5.716"/>
  <system-out/>
  <testcase classname="com.cira.login.loginTestCases" name="ValidInputLoginTest" time="7.646"/>
  <system-out/>
  <testcase classname="com.cira.login.loginTestCases" name="ShowPasswordFunctionality" time="4.489"/>
  <system-out/>
</testsuite> <!-- com.cira.login.loginTestCases -->
