<?xml version="1.0" encoding="UTF-8"?>
<!-- Generated by org.testng.reporters.JUnitReportReporter -->
<testsuite hostname="DESKTOP-CMS2696" failures="0" tests="1" name="com.cira.testcases.SearchOwnerOrProperty" time="182.554" errors="0" timestamp="2022-08-24T14:15:23 IST" skipped="0">
  <testcase classname="com.cira.testcases.SearchOwnerOrProperty" name="searchOwnerOrProperty" time="182.554"/>
  <system-out/>
</testsuite> <!-- com.cira.testcases.SearchOwnerOrProperty -->
