<?xml version="1.0" encoding="UTF-8"?>
<!-- Generated by org.testng.reporters.JUnitReportReporter -->
<testsuite hostname="DESKTOP-CMS2696" failures="0" tests="1" name="com.cira.testcases.VisitCommunity" time="80.426" errors="0" timestamp="2022-08-24T14:42:28 IST" skipped="0">
  <testcase classname="com.cira.testcases.VisitCommunity" name="visitAmberwood" time="80.426"/>
  <system-out/>
</testsuite> <!-- com.cira.testcases.VisitCommunity -->
